2025-05-10 15:37:25 INFO  cic.cs.unb.ca.ifm.Cmd    You select: captures\20250510_153707_converted.pcap
2025-05-10 15:37:25 INFO  cic.cs.unb.ca.ifm.Cmd    Out folder: csv_output
2025-05-10 15:37:25 INFO  cic.cs.unb.ca.ifm.Cmd    CICFlowMeter received 1 pcap file
2025-05-10 15:37:26 DEBUG cic.cs.unb.ca.jnetpcap.PacketReader    Read All packets on captures\20250510_153707_converted.pcap
2025-05-10 15:37:38 INFO  cic.cs.unb.ca.ifm.Cmd    You select: captures\20250510_153727_converted.pcap
2025-05-10 15:37:38 INFO  cic.cs.unb.ca.ifm.Cmd    Out folder: csv_output
2025-05-10 15:37:38 INFO  cic.cs.unb.ca.ifm.Cmd    CICFlowMeter received 1 pcap file
2025-05-10 15:37:39 DEBUG cic.cs.unb.ca.jnetpcap.PacketReader    Read All packets on captures\20250510_153727_converted.pcap
2025-05-10 15:38:14 INFO  cic.cs.unb.ca.ifm.Cmd    You select: captures\20250510_153803_converted.pcap
2025-05-10 15:38:14 INFO  cic.cs.unb.ca.ifm.Cmd    Out folder: csv_output
2025-05-10 15:38:14 INFO  cic.cs.unb.ca.ifm.Cmd    CICFlowMeter received 1 pcap file
2025-05-10 15:38:15 DEBUG cic.cs.unb.ca.jnetpcap.PacketReader    Read All packets on captures\20250510_153803_converted.pcap
2025-05-10 15:38:50 INFO  cic.cs.unb.ca.ifm.Cmd    You select: captures\20250510_153839_converted.pcap
2025-05-10 15:38:50 INFO  cic.cs.unb.ca.ifm.Cmd    Out folder: csv_output
2025-05-10 15:38:50 INFO  cic.cs.unb.ca.ifm.Cmd    CICFlowMeter received 1 pcap file
2025-05-10 15:38:50 DEBUG cic.cs.unb.ca.jnetpcap.FlowGenerator    FlagFIN current has 12 flow
2025-05-10 15:38:51 DEBUG cic.cs.unb.ca.jnetpcap.FlowGenerator    FlagFIN current has 12 flow
2025-05-10 15:38:51 DEBUG cic.cs.unb.ca.jnetpcap.FlowGenerator    FlagFIN current has 16 flow
2025-05-10 15:38:51 DEBUG cic.cs.unb.ca.jnetpcap.FlowGenerator    FlagFIN current has 16 flow
2025-05-10 15:38:51 DEBUG cic.cs.unb.ca.jnetpcap.PacketReader    Read All packets on captures\20250510_153839_converted.pcap
2025-05-10 15:39:52 INFO  cic.cs.unb.ca.ifm.Cmd    You select: captures\20250510_153935_converted.pcap
2025-05-10 15:39:52 INFO  cic.cs.unb.ca.ifm.Cmd    Out folder: csv_output
2025-05-10 15:39:53 INFO  cic.cs.unb.ca.ifm.Cmd    CICFlowMeter received 1 pcap file
2025-05-10 15:39:53 DEBUG cic.cs.unb.ca.jnetpcap.PacketReader    null
********************************************************************************
0000:*84 5c f3 2a  2c 5e f0 c8  14 e1 f5 39  08 06 00 01*   .\.*,^.....9....
0010: 08 00 06 04  00 01 f0 c8  14 e1 f5 39  c0 a8 10 01    ...........9....
0020: 00 00 00 00  00 00 c0 a8  10 6b*                      .........k      


2025-05-10 15:39:53 DEBUG cic.cs.unb.ca.jnetpcap.FlowGenerator    FlagFIN current has 10 flow
2025-05-10 15:39:53 DEBUG cic.cs.unb.ca.jnetpcap.FlowGenerator    FlagFIN current has 10 flow
2025-05-10 15:39:53 DEBUG cic.cs.unb.ca.jnetpcap.FlowGenerator    FlagFIN current has 19 flow
2025-05-10 15:39:53 DEBUG cic.cs.unb.ca.jnetpcap.FlowGenerator    FlagFIN current has 19 flow
2025-05-10 15:39:53 DEBUG cic.cs.unb.ca.jnetpcap.PacketReader    Read All packets on captures\20250510_153935_converted.pcap
