2021-09-27 14:32:31 - Pcap is listening...
2021-09-27 14:35:48 - Pcap stop listening
2021-09-27 14:35:48 - path:D:\cicflowmeter-4\CICFlowMeter-4.0\bin\data\daily\2021-09-27_Flow.csv
2021-09-27 14:42:50 - path:D:\cicflowmeter-4\CICFlowMeter-4.0\bin\data\daily\2021-09-27_Flow.csv
2021-09-27 14:49:50 - Pcap is listening...
2021-09-27 14:52:55 - Pcap stop listening
2021-09-27 14:52:55 - path:C:\Users\Network Lab\Desktop\J L Shreya\CICFlowMeter and ISCXFlowMeter\cicflowmeter-4\CICFlowMeter-4.0\bin\data\daily\2021-09-27_Flow.csv
2021-09-27 14:53:05 - Pcap is listening...
2021-09-27 14:54:31 - Pcap stop listening
2021-09-27 14:54:31 - path:C:\Users\Network Lab\Desktop\J L Shreya\CICFlowMeter and ISCXFlowMeter\cicflowmeter-4\CICFlowMeter-4.0\bin\data\daily\2021-09-27_Flow.csv
2021-09-27 14:54:49 - path:C:\Users\Network Lab\Desktop\J L Shreya\CICFlowMeter and ISCXFlowMeter\cicflowmeter-4\CICFlowMeter-4.0\bin\data\daily\2021-09-27_Flow.csv
2021-09-27 14:54:49 - path:C:\Users\Network Lab\Desktop\J L Shreya\CICFlowMeter and ISCXFlowMeter\cicflowmeter-4\CICFlowMeter-4.0\bin\data\daily\2021-09-27_Flow.csv
2021-09-27 14:56:26 - Pcap is listening...
2021-09-27 16:01:14 - Pcap stop listening
2021-09-27 16:01:14 - path:C:\Users\Network Lab\Desktop\J L Shreya\CICFlowMeter and ISCXFlowMeter\cicflowmeter-4\CICFlowMeter-4.0\bin\data\daily\2021-09-27_Flow.csv
2021-09-29 19:01:19 - Pcap is listening...
2021-09-29 19:04:20 - Pcap stop listening
2021-09-29 19:04:20 - path:C:\Users\Network Lab\Desktop\J L Shreya\CICFlowMeter and ISCXFlowMeter\cicflowmeter-4\CICFlowMeter-4.0\bin\data\daily\2021-09-29_Flow.csv
2021-09-29 19:07:47 - path:C:\Users\Network Lab\Desktop\J L Shreya\CICFlowMeter and ISCXFlowMeter\cicflowmeter-4\CICFlowMeter-4.0\bin\data\daily\2021-09-29_Flow.csv
2021-12-19 20:29:20 - Pcap is listening...
2021-12-19 20:34:17 - Pcap stop listening
2021-12-19 20:34:17 - path:F:\CICFlowMeter-4.0\bin\data\daily\2021-12-19_Flow.csv
2021-12-19 20:40:47 - Pcap is listening...
2021-12-19 20:41:21 - Pcap stop listening
2021-12-19 20:41:22 - path:F:\CICFlowMeter-4.0\bin\data\daily\2021-12-19_Flow.csv
2023-04-02 20:15:04 - Please select pcap!
2023-04-02 20:24:48 - Pcap is listening...
2023-04-02 20:26:08 - Pcap stop listening
2023-04-02 20:26:08 - path:C:\Users\TribeConnect\Downloads\cicflowmeter\bin\data\daily\2023-04-02_Flow.csv
2023-04-02 20:26:11 - Pcap is listening...
2023-04-02 20:27:19 - Pcap stop listening
2023-04-02 20:27:19 - path:C:\Users\TribeConnect\Downloads\cicflowmeter\bin\data\daily\2023-04-02_Flow.csv
2023-04-02 20:27:20 - Pcap is listening...
2023-04-02 20:27:22 - Pcap stop listening
2023-04-02 20:27:22 - path:C:\Users\TribeConnect\Downloads\cicflowmeter\bin\data\daily\2023-04-02_Flow.csv
2025-05-04 19:04:56 - You select: captures\20250504_190421.pcap
2025-05-04 19:04:56 - Out folder: csv_output
2025-05-04 19:04:57 - CICFlowMeter received 1 pcap file
2025-05-04 19:07:58 - You select: captures\20250504_190727.pcap
2025-05-04 19:07:58 - Out folder: csv_output
2025-05-04 19:07:59 - CICFlowMeter received 1 pcap file
2025-05-04 19:07:59 - Error while opening file for capture: bad dump file format
2025-05-04 19:24:20 - You select: captures\20250504_192349.pcap
2025-05-04 19:24:20 - Out folder: csv_output
2025-05-04 19:24:20 - CICFlowMeter received 1 pcap file
2025-05-04 19:24:20 - Error while opening file for capture: bad dump file format
2025-05-04 19:26:49 - You select: .\20250504_190421.pcap
2025-05-04 19:26:49 - Out folder: ./logs
2025-05-04 19:26:49 - CICFlowMeter received 1 pcap file
2025-05-04 19:26:50 - Error while opening file for capture: bad dump file format
2025-05-04 23:20:40 - You select: captures\20250504_232009.pcap
2025-05-04 23:20:40 - Out folder: csv_output
2025-05-04 23:20:40 - CICFlowMeter received 1 pcap file
2025-05-04 23:20:40 - Error while opening file for capture: bad dump file format
2025-05-04 23:26:04 - You select: captures\20250504_232534.pcap
2025-05-04 23:26:04 - Out folder: csv_output
2025-05-04 23:26:05 - CICFlowMeter received 1 pcap file
2025-05-04 23:26:05 - Error while opening file for capture: bad dump file format
2025-05-04 23:28:20 - You select: captures\20250504_232749.pcap
2025-05-04 23:28:20 - Out folder: csv_output
2025-05-04 23:28:20 - CICFlowMeter received 1 pcap file
2025-05-04 23:28:20 - Error while opening file for capture: bad dump file format
2025-05-04 23:32:32 - You select: captures\20250504_233202_converted.pcap
2025-05-04 23:32:32 - Out folder: csv_output
2025-05-04 23:32:33 - CICFlowMeter received 1 pcap file
2025-05-04 23:33:04 - You select: captures\20250504_233233_converted.pcap
2025-05-04 23:33:04 - Out folder: csv_output
2025-05-04 23:33:04 - CICFlowMeter received 1 pcap file
2025-05-04 23:39:05 - You select: captures\20250504_233835_converted.pcap
2025-05-04 23:39:05 - Out folder: csv_output
2025-05-04 23:39:06 - CICFlowMeter received 1 pcap file
2025-05-04 23:44:23 - You select: captures\20250504_234352_converted.pcap
2025-05-04 23:44:23 - Out folder: csv_output
2025-05-04 23:44:23 - CICFlowMeter received 1 pcap file
2025-05-04 23:46:58 - You select: captures\20250504_234647_converted.pcap
2025-05-04 23:46:58 - Out folder: csv_output
2025-05-04 23:46:58 - CICFlowMeter received 1 pcap file
2025-05-04 23:47:40 - You select: captures\20250504_234729_converted.pcap
2025-05-04 23:47:40 - Out folder: csv_output
2025-05-04 23:47:40 - CICFlowMeter received 1 pcap file
2025-05-04 23:48:05 - You select: captures\20250504_234754_converted.pcap
2025-05-04 23:48:05 - Out folder: csv_output
2025-05-04 23:48:05 - CICFlowMeter received 1 pcap file
2025-05-05 06:08:02 - You select: captures\20250505_060751_converted.pcap
2025-05-05 06:08:02 - Out folder: csv_output
2025-05-05 06:08:03 - CICFlowMeter received 1 pcap file
2025-05-05 06:18:09 - You select: captures\20250505_061752_converted.pcap
2025-05-05 06:18:09 - Out folder: csv_output
2025-05-05 06:18:09 - CICFlowMeter received 1 pcap file
2025-05-05 06:20:58 - You select: captures\20250505_062047_converted.pcap
2025-05-05 06:20:58 - Out folder: csv_output
2025-05-05 06:20:58 - CICFlowMeter received 1 pcap file
2025-05-05 06:21:09 - You select: captures\20250505_062058_converted.pcap
2025-05-05 06:21:09 - Out folder: csv_output
2025-05-05 06:21:10 - CICFlowMeter received 1 pcap file
2025-05-05 06:32:20 - You select: captures\20250505_063209_converted.pcap
2025-05-05 06:32:20 - Out folder: csv_output
2025-05-05 06:32:20 - CICFlowMeter received 1 pcap file
2025-05-05 06:42:02 - You select: captures\20250505_064151_converted.pcap
2025-05-05 06:42:02 - Out folder: csv_output
2025-05-05 06:42:02 - CICFlowMeter received 1 pcap file
2025-05-05 06:46:15 - You select: captures\20250505_064604_converted.pcap
2025-05-05 06:46:15 - Out folder: csv_output
2025-05-05 06:46:15 - CICFlowMeter received 1 pcap file
2025-05-05 06:47:35 - You select: captures\20250505_064724_converted.pcap
2025-05-05 06:47:35 - Out folder: csv_output
2025-05-05 06:47:35 - CICFlowMeter received 1 pcap file
2025-05-05 06:47:46 - You select: captures\20250505_064736_converted.pcap
2025-05-05 06:47:46 - Out folder: csv_output
2025-05-05 06:47:47 - CICFlowMeter received 1 pcap file
2025-05-05 06:52:11 - You select: captures\20250505_065200_converted.pcap
2025-05-05 06:52:11 - Out folder: csv_output
2025-05-05 06:52:12 - CICFlowMeter received 1 pcap file
2025-05-05 06:52:25 - You select: captures\20250505_065214_converted.pcap
2025-05-05 06:52:25 - Out folder: csv_output
2025-05-05 06:52:25 - CICFlowMeter received 1 pcap file
2025-05-05 06:52:36 - You select: captures\20250505_065225_converted.pcap
2025-05-05 06:52:36 - Out folder: csv_output
2025-05-05 06:52:37 - CICFlowMeter received 1 pcap file
2025-05-05 06:52:56 - You select: captures\20250505_065245_converted.pcap
2025-05-05 06:52:56 - Out folder: csv_output
2025-05-05 06:52:56 - CICFlowMeter received 1 pcap file
2025-05-05 06:53:31 - You select: captures\20250505_065320_converted.pcap
2025-05-05 06:53:31 - Out folder: csv_output
2025-05-05 06:53:31 - CICFlowMeter received 1 pcap file
2025-05-05 06:53:53 - You select: captures\20250505_065342_converted.pcap
2025-05-05 06:53:53 - Out folder: csv_output
2025-05-05 06:53:53 - CICFlowMeter received 1 pcap file
2025-05-05 06:54:05 - You select: captures\20250505_065354_converted.pcap
2025-05-05 06:54:05 - Out folder: csv_output
2025-05-05 06:54:05 - CICFlowMeter received 1 pcap file
2025-05-05 06:54:17 - You select: captures\20250505_065405_converted.pcap
2025-05-05 06:54:17 - Out folder: csv_output
2025-05-05 06:54:17 - CICFlowMeter received 1 pcap file
2025-05-05 06:54:28 - You select: captures\20250505_065418_converted.pcap
2025-05-05 06:54:28 - Out folder: csv_output
2025-05-05 06:54:29 - CICFlowMeter received 1 pcap file
2025-05-05 08:35:38 - You select: captures\20250505_083527_converted.pcap
2025-05-05 08:35:38 - Out folder: csv_output
2025-05-05 08:35:38 - CICFlowMeter received 1 pcap file
2025-05-05 08:37:35 - You select: captures\20250505_083725_converted.pcap
2025-05-05 08:37:35 - Out folder: csv_output
2025-05-05 08:37:36 - CICFlowMeter received 1 pcap file
2025-05-05 08:38:40 - You select: captures\20250505_083829_converted.pcap
2025-05-05 08:38:40 - Out folder: csv_output
2025-05-05 08:38:40 - CICFlowMeter received 1 pcap file
2025-05-05 08:39:23 - You select: captures\20250505_083912_converted.pcap
2025-05-05 08:39:23 - Out folder: csv_output
2025-05-05 08:39:23 - CICFlowMeter received 1 pcap file
2025-05-05 08:40:30 - You select: captures\20250505_084019_converted.pcap
2025-05-05 08:40:30 - Out folder: csv_output
2025-05-05 08:40:30 - CICFlowMeter received 1 pcap file
2025-05-05 08:41:19 - You select: captures\20250505_084108_converted.pcap
2025-05-05 08:41:19 - Out folder: csv_output
2025-05-05 08:41:19 - CICFlowMeter received 1 pcap file
2025-05-05 08:45:49 - You select: captures\20250505_084539_converted.pcap
2025-05-05 08:45:49 - Out folder: csv_output
2025-05-05 08:45:50 - CICFlowMeter received 1 pcap file
2025-05-05 09:09:40 - You select: captures\20250505_090930_converted.pcap
2025-05-05 09:09:40 - Out folder: csv_output
2025-05-05 09:09:41 - CICFlowMeter received 1 pcap file
2025-05-05 10:15:27 - You select: captures\20250505_101516_converted.pcap
2025-05-05 10:15:27 - Out folder: csv_output
2025-05-05 10:15:27 - CICFlowMeter received 1 pcap file
2025-05-05 10:18:13 - You select: captures\20250505_101802_converted.pcap
2025-05-05 10:18:13 - Out folder: csv_output
2025-05-05 10:18:13 - CICFlowMeter received 1 pcap file
2025-05-05 10:18:24 - You select: captures\20250505_101813_converted.pcap
2025-05-05 10:18:24 - Out folder: csv_output
2025-05-05 10:18:25 - CICFlowMeter received 1 pcap file
2025-05-05 10:18:36 - You select: captures\20250505_101825_converted.pcap
2025-05-05 10:18:36 - Out folder: csv_output
2025-05-05 10:18:36 - CICFlowMeter received 1 pcap file
2025-05-05 10:18:48 - You select: captures\20250505_101837_converted.pcap
2025-05-05 10:18:48 - Out folder: csv_output
2025-05-05 10:18:48 - CICFlowMeter received 1 pcap file
2025-05-05 10:18:59 - You select: captures\20250505_101848_converted.pcap
2025-05-05 10:18:59 - Out folder: csv_output
2025-05-05 10:18:59 - CICFlowMeter received 1 pcap file
2025-05-05 10:19:11 - You select: captures\20250505_101900_converted.pcap
2025-05-05 10:19:11 - Out folder: csv_output
2025-05-05 10:19:11 - CICFlowMeter received 1 pcap file
2025-05-05 10:19:23 - You select: captures\20250505_101912_converted.pcap
2025-05-05 10:19:23 - Out folder: csv_output
2025-05-05 10:19:23 - CICFlowMeter received 1 pcap file
2025-05-05 10:19:34 - You select: captures\20250505_101924_converted.pcap
2025-05-05 10:19:34 - Out folder: csv_output
2025-05-05 10:19:35 - CICFlowMeter received 1 pcap file
2025-05-05 10:22:44 - You select: captures\20250505_102233_converted.pcap
2025-05-05 10:22:44 - Out folder: csv_output
2025-05-05 10:22:44 - CICFlowMeter received 1 pcap file
2025-05-05 10:22:55 - You select: captures\20250505_102245_converted.pcap
2025-05-05 10:22:55 - Out folder: csv_output
2025-05-05 10:22:56 - CICFlowMeter received 1 pcap file
2025-05-05 10:23:07 - You select: captures\20250505_102256_converted.pcap
2025-05-05 10:23:07 - Out folder: csv_output
2025-05-05 10:23:07 - CICFlowMeter received 1 pcap file
2025-05-05 10:23:18 - You select: captures\20250505_102308_converted.pcap
2025-05-05 10:23:18 - Out folder: csv_output
2025-05-05 10:23:19 - CICFlowMeter received 1 pcap file
2025-05-05 10:23:30 - You select: captures\20250505_102319_converted.pcap
2025-05-05 10:23:30 - Out folder: csv_output
2025-05-05 10:23:30 - CICFlowMeter received 1 pcap file
2025-05-05 10:24:50 - You select: captures\20250505_102440_converted.pcap
2025-05-05 10:24:50 - Out folder: csv_output
2025-05-05 10:24:51 - CICFlowMeter received 1 pcap file
2025-05-05 10:25:03 - You select: captures\20250505_102451_converted.pcap
2025-05-05 10:25:03 - Out folder: csv_output
2025-05-05 10:25:03 - CICFlowMeter received 1 pcap file
2025-05-05 10:25:15 - You select: captures\20250505_102504_converted.pcap
2025-05-05 10:25:15 - Out folder: csv_output
2025-05-05 10:25:15 - CICFlowMeter received 1 pcap file
2025-05-05 10:25:27 - You select: captures\20250505_102516_converted.pcap
2025-05-05 10:25:27 - Out folder: csv_output
2025-05-05 10:25:27 - CICFlowMeter received 1 pcap file
2025-05-05 10:25:39 - You select: captures\20250505_102528_converted.pcap
2025-05-05 10:25:39 - Out folder: csv_output
2025-05-05 10:25:39 - CICFlowMeter received 1 pcap file
2025-05-05 10:25:50 - You select: captures\20250505_102539_converted.pcap
2025-05-05 10:25:50 - Out folder: csv_output
2025-05-05 10:25:50 - CICFlowMeter received 1 pcap file
2025-05-05 10:26:02 - You select: captures\20250505_102551_converted.pcap
2025-05-05 10:26:02 - Out folder: csv_output
2025-05-05 10:26:02 - CICFlowMeter received 1 pcap file
2025-05-05 10:26:13 - You select: captures\20250505_102603_converted.pcap
2025-05-05 10:26:13 - Out folder: csv_output
2025-05-05 10:26:14 - CICFlowMeter received 1 pcap file
2025-05-05 10:26:39 - You select: captures\20250505_102628_converted.pcap
2025-05-05 10:26:39 - Out folder: csv_output
2025-05-05 10:26:39 - CICFlowMeter received 1 pcap file
2025-05-05 17:07:32 - You select: captures\20250505_170715_converted.pcap
2025-05-05 17:07:32 - Out folder: csv_output
2025-05-05 17:07:32 - CICFlowMeter received 1 pcap file
2025-05-05 17:07:44 - You select: captures\20250505_170733_converted.pcap
2025-05-05 17:07:44 - Out folder: csv_output
2025-05-05 17:07:44 - CICFlowMeter received 1 pcap file
2025-05-05 17:07:55 - You select: captures\20250505_170745_converted.pcap
2025-05-05 17:07:55 - Out folder: csv_output
2025-05-05 17:07:56 - CICFlowMeter received 1 pcap file
2025-05-05 17:08:07 - You select: captures\20250505_170756_converted.pcap
2025-05-05 17:08:07 - Out folder: csv_output
2025-05-05 17:08:08 - CICFlowMeter received 1 pcap file
2025-05-05 17:08:19 - You select: captures\20250505_170808_converted.pcap
2025-05-05 17:08:19 - Out folder: csv_output
2025-05-05 17:08:20 - CICFlowMeter received 1 pcap file
2025-05-05 17:08:31 - You select: captures\20250505_170820_converted.pcap
2025-05-05 17:08:31 - Out folder: csv_output
2025-05-05 17:08:31 - CICFlowMeter received 1 pcap file
2025-05-05 17:08:43 - You select: captures\20250505_170832_converted.pcap
2025-05-05 17:08:43 - Out folder: csv_output
2025-05-05 17:08:43 - CICFlowMeter received 1 pcap file
2025-05-07 00:49:19 - You select: captures\20250507_004902_converted.pcap
2025-05-07 00:49:19 - Out folder: csv_output
2025-05-07 00:49:20 - CICFlowMeter received 1 pcap file
2025-05-07 00:49:31 - You select: captures\20250507_004920_converted.pcap
2025-05-07 00:49:31 - Out folder: csv_output
2025-05-07 00:49:32 - CICFlowMeter received 1 pcap file
2025-05-07 00:49:44 - You select: captures\20250507_004933_converted.pcap
2025-05-07 00:49:44 - Out folder: csv_output
2025-05-07 00:49:44 - CICFlowMeter received 1 pcap file
2025-05-07 00:49:57 - You select: captures\20250507_004946_converted.pcap
2025-05-07 00:49:57 - Out folder: csv_output
2025-05-07 00:49:57 - CICFlowMeter received 1 pcap file
2025-05-07 00:50:10 - You select: captures\20250507_004959_converted.pcap
2025-05-07 00:50:10 - Out folder: csv_output
2025-05-07 00:50:10 - CICFlowMeter received 1 pcap file
2025-05-07 00:50:22 - You select: captures\20250507_005011_converted.pcap
2025-05-07 00:50:22 - Out folder: csv_output
2025-05-07 00:50:22 - CICFlowMeter received 1 pcap file
2025-05-07 00:50:35 - You select: captures\20250507_005024_converted.pcap
2025-05-07 00:50:35 - Out folder: csv_output
2025-05-07 00:50:35 - CICFlowMeter received 1 pcap file
2025-05-07 00:50:48 - You select: captures\20250507_005037_converted.pcap
2025-05-07 00:50:48 - Out folder: csv_output
2025-05-07 00:50:48 - CICFlowMeter received 1 pcap file
2025-05-07 00:51:00 - You select: captures\20250507_005049_converted.pcap
2025-05-07 00:51:00 - Out folder: csv_output
2025-05-07 00:51:00 - CICFlowMeter received 1 pcap file
2025-05-10 15:37:25 - You select: captures\20250510_153707_converted.pcap
2025-05-10 15:37:25 - Out folder: csv_output
2025-05-10 15:37:25 - CICFlowMeter received 1 pcap file
2025-05-10 15:37:38 - You select: captures\20250510_153727_converted.pcap
2025-05-10 15:37:38 - Out folder: csv_output
2025-05-10 15:37:38 - CICFlowMeter received 1 pcap file
2025-05-10 15:38:14 - You select: captures\20250510_153803_converted.pcap
2025-05-10 15:38:14 - Out folder: csv_output
2025-05-10 15:38:14 - CICFlowMeter received 1 pcap file
2025-05-10 15:38:50 - You select: captures\20250510_153839_converted.pcap
2025-05-10 15:38:50 - Out folder: csv_output
2025-05-10 15:38:50 - CICFlowMeter received 1 pcap file
2025-05-10 15:39:52 - You select: captures\20250510_153935_converted.pcap
2025-05-10 15:39:52 - Out folder: csv_output
2025-05-10 15:39:53 - CICFlowMeter received 1 pcap file
2025-05-11 16:21:13 - You select: captures\20250511_162059_converted.pcap
2025-05-11 16:21:13 - Out folder: csv_output
2025-05-11 16:21:13 - CICFlowMeter received 1 pcap file
2025-05-11 16:22:34 - You select: captures\20250511_162224_converted.pcap
2025-05-11 16:22:34 - Out folder: csv_output
2025-05-11 16:22:35 - CICFlowMeter received 1 pcap file
2025-05-11 16:27:32 - You select: captures\20250511_162721_converted.pcap
2025-05-11 16:27:32 - Out folder: csv_output
2025-05-11 16:27:32 - CICFlowMeter received 1 pcap file
2025-05-11 16:28:50 - You select: captures\20250511_162840_converted.pcap
2025-05-11 16:28:50 - Out folder: csv_output
2025-05-11 16:28:51 - CICFlowMeter received 1 pcap file
2025-05-11 16:30:28 - You select: captures\20250511_163017_converted.pcap
2025-05-11 16:30:28 - Out folder: csv_output
2025-05-11 16:30:28 - CICFlowMeter received 1 pcap file
2025-05-11 16:40:32 - You select: captures\20250511_164022_converted.pcap
2025-05-11 16:40:32 - Out folder: csv_output
2025-05-11 16:40:32 - CICFlowMeter received 1 pcap file
2025-05-11 16:40:45 - You select: captures\20250511_164034_converted.pcap
2025-05-11 16:40:45 - Out folder: csv_output
2025-05-11 16:40:45 - CICFlowMeter received 1 pcap file
2025-05-11 16:40:56 - You select: captures\20250511_164045_converted.pcap
2025-05-11 16:40:56 - Out folder: csv_output
2025-05-11 16:40:56 - CICFlowMeter received 1 pcap file
2025-05-11 16:43:31 - You select: captures\20250511_164321_converted.pcap
2025-05-11 16:43:31 - Out folder: csv_output
2025-05-11 16:43:32 - CICFlowMeter received 1 pcap file
2025-05-11 16:43:44 - You select: captures\20250511_164333_converted.pcap
2025-05-11 16:43:44 - Out folder: csv_output
2025-05-11 16:43:44 - CICFlowMeter received 1 pcap file
2025-05-11 16:51:43 - You select: captures\20250511_165133_converted.pcap
2025-05-11 16:51:43 - Out folder: csv_output
2025-05-11 16:51:44 - CICFlowMeter received 1 pcap file
2025-05-11 16:51:56 - You select: captures\20250511_165145_converted.pcap
2025-05-11 16:51:56 - Out folder: csv_output
2025-05-11 16:51:56 - CICFlowMeter received 1 pcap file
2025-05-11 16:56:05 - You select: captures\20250511_165555_converted.pcap
2025-05-11 16:56:05 - Out folder: csv_output
2025-05-11 16:56:06 - CICFlowMeter received 1 pcap file
2025-05-11 17:13:34 - You select: captures\20250511_171324_converted.pcap
2025-05-11 17:13:34 - Out folder: csv_output
2025-05-11 17:13:35 - CICFlowMeter received 1 pcap file
2025-05-11 17:13:47 - You select: captures\20250511_171336_converted.pcap
2025-05-11 17:13:47 - Out folder: csv_output
2025-05-11 17:13:47 - CICFlowMeter received 1 pcap file
2025-05-11 17:13:58 - You select: captures\20250511_171348_converted.pcap
2025-05-11 17:13:58 - Out folder: csv_output
2025-05-11 17:13:59 - CICFlowMeter received 1 pcap file
2025-05-11 17:14:10 - You select: captures\20250511_171359_converted.pcap
2025-05-11 17:14:10 - Out folder: csv_output
2025-05-11 17:14:10 - CICFlowMeter received 1 pcap file
2025-05-11 17:14:21 - You select: captures\20250511_171411_converted.pcap
2025-05-11 17:14:21 - Out folder: csv_output
2025-05-11 17:14:22 - CICFlowMeter received 1 pcap file
2025-05-11 17:14:33 - You select: captures\20250511_171422_converted.pcap
2025-05-11 17:14:33 - Out folder: csv_output
2025-05-11 17:14:33 - CICFlowMeter received 1 pcap file
2025-05-11 17:14:45 - You select: captures\20250511_171434_converted.pcap
2025-05-11 17:14:45 - Out folder: csv_output
2025-05-11 17:14:45 - CICFlowMeter received 1 pcap file
2025-05-11 17:14:57 - You select: captures\20250511_171446_converted.pcap
2025-05-11 17:14:57 - Out folder: csv_output
2025-05-11 17:14:58 - CICFlowMeter received 1 pcap file
2025-05-11 17:15:10 - You select: captures\20250511_171459_converted.pcap
2025-05-11 17:15:10 - Out folder: csv_output
2025-05-11 17:15:10 - CICFlowMeter received 1 pcap file
2025-05-11 17:15:22 - You select: captures\20250511_171511_converted.pcap
2025-05-11 17:15:22 - Out folder: csv_output
2025-05-11 17:15:22 - CICFlowMeter received 1 pcap file
2025-05-11 17:15:34 - You select: captures\20250511_171523_converted.pcap
2025-05-11 17:15:34 - Out folder: csv_output
2025-05-11 17:15:34 - CICFlowMeter received 1 pcap file
2025-05-11 17:21:25 - You select: captures\20250511_172114_converted.pcap
2025-05-11 17:21:25 - Out folder: csv_output
2025-05-11 17:21:25 - CICFlowMeter received 1 pcap file
2025-05-11 17:22:02 - You select: captures\20250511_172151_converted.pcap
2025-05-11 17:22:02 - Out folder: csv_output
2025-05-11 17:22:02 - CICFlowMeter received 1 pcap file
2025-05-11 17:22:15 - You select: captures\20250511_172204_converted.pcap
2025-05-11 17:22:15 - Out folder: csv_output
2025-05-11 17:22:16 - CICFlowMeter received 1 pcap file
2025-05-11 17:22:28 - You select: captures\20250511_172217_converted.pcap
2025-05-11 17:22:28 - Out folder: csv_output
2025-05-11 17:22:28 - CICFlowMeter received 1 pcap file
2025-05-11 17:22:40 - You select: captures\20250511_172229_converted.pcap
2025-05-11 17:22:40 - Out folder: csv_output
2025-05-11 17:22:40 - CICFlowMeter received 1 pcap file
2025-05-11 17:22:52 - You select: captures\20250511_172241_converted.pcap
2025-05-11 17:22:52 - Out folder: csv_output
2025-05-11 17:22:52 - CICFlowMeter received 1 pcap file
2025-05-11 17:23:04 - You select: captures\20250511_172253_converted.pcap
2025-05-11 17:23:04 - Out folder: csv_output
2025-05-11 17:23:04 - CICFlowMeter received 1 pcap file
2025-05-11 17:23:16 - You select: captures\20250511_172305_converted.pcap
2025-05-11 17:23:16 - Out folder: csv_output
2025-05-11 17:23:16 - CICFlowMeter received 1 pcap file
2025-05-11 17:23:28 - You select: captures\20250511_172317_converted.pcap
2025-05-11 17:23:28 - Out folder: csv_output
2025-05-11 17:23:28 - CICFlowMeter received 1 pcap file
2025-05-11 17:23:40 - You select: captures\20250511_172329_converted.pcap
2025-05-11 17:23:40 - Out folder: csv_output
2025-05-11 17:23:40 - CICFlowMeter received 1 pcap file
2025-05-11 17:23:51 - You select: captures\20250511_172341_converted.pcap
2025-05-11 17:23:51 - Out folder: csv_output
2025-05-11 17:23:52 - CICFlowMeter received 1 pcap file
2025-05-11 17:24:03 - You select: captures\20250511_172353_converted.pcap
2025-05-11 17:24:03 - Out folder: csv_output
2025-05-11 17:24:04 - CICFlowMeter received 1 pcap file
2025-05-11 17:24:15 - You select: captures\20250511_172404_converted.pcap
2025-05-11 17:24:15 - Out folder: csv_output
2025-05-11 17:24:15 - CICFlowMeter received 1 pcap file
2025-05-11 17:24:27 - You select: captures\20250511_172416_converted.pcap
2025-05-11 17:24:27 - Out folder: csv_output
2025-05-11 17:24:27 - CICFlowMeter received 1 pcap file
2025-05-11 17:24:39 - You select: captures\20250511_172428_converted.pcap
2025-05-11 17:24:39 - Out folder: csv_output
2025-05-11 17:24:39 - CICFlowMeter received 1 pcap file
2025-05-11 17:24:50 - You select: captures\20250511_172440_converted.pcap
2025-05-11 17:24:50 - Out folder: csv_output
2025-05-11 17:24:51 - CICFlowMeter received 1 pcap file
2025-05-11 17:25:02 - You select: captures\20250511_172451_converted.pcap
2025-05-11 17:25:02 - Out folder: csv_output
2025-05-11 17:25:02 - CICFlowMeter received 1 pcap file
2025-05-11 17:25:13 - You select: captures\20250511_172503_converted.pcap
2025-05-11 17:25:13 - Out folder: csv_output
2025-05-11 17:25:13 - CICFlowMeter received 1 pcap file
2025-05-11 17:25:25 - You select: captures\20250511_172514_converted.pcap
2025-05-11 17:25:25 - Out folder: csv_output
2025-05-11 17:25:25 - CICFlowMeter received 1 pcap file
2025-05-11 17:25:36 - You select: captures\20250511_172526_converted.pcap
2025-05-11 17:25:36 - Out folder: csv_output
2025-05-11 17:25:37 - CICFlowMeter received 1 pcap file
2025-05-11 17:25:48 - You select: captures\20250511_172537_converted.pcap
2025-05-11 17:25:48 - Out folder: csv_output
2025-05-11 17:25:48 - CICFlowMeter received 1 pcap file
2025-05-11 17:25:59 - You select: captures\20250511_172549_converted.pcap
2025-05-11 17:25:59 - Out folder: csv_output
2025-05-11 17:26:00 - CICFlowMeter received 1 pcap file
2025-05-11 17:26:11 - You select: captures\20250511_172600_converted.pcap
2025-05-11 17:26:11 - Out folder: csv_output
2025-05-11 17:26:11 - CICFlowMeter received 1 pcap file
2025-05-11 17:26:22 - You select: captures\20250511_172612_converted.pcap
2025-05-11 17:26:22 - Out folder: csv_output
2025-05-11 17:26:23 - CICFlowMeter received 1 pcap file
2025-05-11 17:26:34 - You select: captures\20250511_172624_converted.pcap
2025-05-11 17:26:34 - Out folder: csv_output
2025-05-11 17:26:35 - CICFlowMeter received 1 pcap file
2025-05-11 17:26:46 - You select: captures\20250511_172635_converted.pcap
2025-05-11 17:26:46 - Out folder: csv_output
2025-05-11 17:26:46 - CICFlowMeter received 1 pcap file
2025-05-11 17:26:57 - You select: captures\20250511_172647_converted.pcap
2025-05-11 17:26:57 - Out folder: csv_output
2025-05-11 17:26:57 - CICFlowMeter received 1 pcap file
2025-05-11 17:27:08 - You select: captures\20250511_172658_converted.pcap
2025-05-11 17:27:08 - Out folder: csv_output
2025-05-11 17:27:09 - CICFlowMeter received 1 pcap file
2025-05-11 17:27:20 - You select: captures\20250511_172709_converted.pcap
2025-05-11 17:27:20 - Out folder: csv_output
2025-05-11 17:27:20 - CICFlowMeter received 1 pcap file
2025-05-11 17:27:32 - You select: captures\20250511_172721_converted.pcap
2025-05-11 17:27:32 - Out folder: csv_output
2025-05-11 17:27:32 - CICFlowMeter received 1 pcap file
2025-05-11 17:27:43 - You select: captures\20250511_172732_converted.pcap
2025-05-11 17:27:43 - Out folder: csv_output
2025-05-11 17:27:43 - CICFlowMeter received 1 pcap file
2025-05-11 17:27:55 - You select: captures\20250511_172744_converted.pcap
2025-05-11 17:27:55 - Out folder: csv_output
2025-05-11 17:27:55 - CICFlowMeter received 1 pcap file
2025-05-11 17:28:06 - You select: captures\20250511_172756_converted.pcap
2025-05-11 17:28:06 - Out folder: csv_output
2025-05-11 17:28:06 - CICFlowMeter received 1 pcap file
2025-05-11 17:28:18 - You select: captures\20250511_172807_converted.pcap
2025-05-11 17:28:18 - Out folder: csv_output
2025-05-11 17:28:18 - CICFlowMeter received 1 pcap file
2025-05-11 17:28:30 - You select: captures\20250511_172820_converted.pcap
2025-05-11 17:28:30 - Out folder: csv_output
2025-05-11 17:28:31 - CICFlowMeter received 1 pcap file
2025-05-11 17:28:42 - You select: captures\20250511_172832_converted.pcap
2025-05-11 17:28:42 - Out folder: csv_output
2025-05-11 17:28:43 - CICFlowMeter received 1 pcap file
2025-05-11 17:28:54 - You select: captures\20250511_172843_converted.pcap
2025-05-11 17:28:54 - Out folder: csv_output
2025-05-11 17:28:55 - CICFlowMeter received 1 pcap file
2025-05-11 17:29:07 - You select: captures\20250511_172856_converted.pcap
2025-05-11 17:29:07 - Out folder: csv_output
2025-05-11 17:29:07 - CICFlowMeter received 1 pcap file
2025-05-11 17:29:19 - You select: captures\20250511_172909_converted.pcap
2025-05-11 17:29:19 - Out folder: csv_output
2025-05-11 17:29:19 - CICFlowMeter received 1 pcap file
2025-05-11 17:29:31 - You select: captures\20250511_172920_converted.pcap
2025-05-11 17:29:31 - Out folder: csv_output
2025-05-11 17:29:31 - CICFlowMeter received 1 pcap file
2025-05-11 17:30:09 - You select: captures\20250511_172933_converted.pcap
2025-05-11 17:30:09 - Out folder: csv_output
2025-05-11 17:30:10 - CICFlowMeter received 1 pcap file
2025-05-11 17:30:22 - You select: captures\20250511_173011_converted.pcap
2025-05-11 17:30:22 - Out folder: csv_output
2025-05-11 17:30:22 - CICFlowMeter received 1 pcap file
2025-05-11 17:39:14 - You select: captures\20250511_173903_converted.pcap
2025-05-11 17:39:14 - Out folder: csv_output
2025-05-11 17:39:14 - CICFlowMeter received 1 pcap file
2025-05-11 17:39:28 - You select: captures\20250511_173918_converted.pcap
2025-05-11 17:39:28 - Out folder: csv_output
2025-05-11 17:39:29 - CICFlowMeter received 1 pcap file
2025-05-11 17:39:41 - You select: captures\20250511_173930_converted.pcap
2025-05-11 17:39:41 - Out folder: csv_output
2025-05-11 17:39:41 - CICFlowMeter received 1 pcap file
2025-05-11 17:40:36 - You select: captures\20250511_174025_converted.pcap
2025-05-11 17:40:36 - Out folder: csv_output
2025-05-11 17:40:36 - CICFlowMeter received 1 pcap file
2025-05-11 17:40:49 - You select: captures\20250511_174038_converted.pcap
2025-05-11 17:40:49 - Out folder: csv_output
2025-05-11 17:40:49 - CICFlowMeter received 1 pcap file
2025-05-11 17:41:01 - You select: captures\20250511_174050_converted.pcap
2025-05-11 17:41:01 - Out folder: csv_output
2025-05-11 17:41:01 - CICFlowMeter received 1 pcap file
2025-05-11 17:41:13 - You select: captures\20250511_174102_converted.pcap
2025-05-11 17:41:13 - Out folder: csv_output
2025-05-11 17:41:13 - CICFlowMeter received 1 pcap file
2025-05-11 17:41:25 - You select: captures\20250511_174114_converted.pcap
2025-05-11 17:41:25 - Out folder: csv_output
2025-05-11 17:41:25 - CICFlowMeter received 1 pcap file
2025-05-11 17:41:37 - You select: captures\20250511_174126_converted.pcap
2025-05-11 17:41:37 - Out folder: csv_output
2025-05-11 17:41:37 - CICFlowMeter received 1 pcap file
2025-05-11 17:41:49 - You select: captures\20250511_174138_converted.pcap
2025-05-11 17:41:49 - Out folder: csv_output
2025-05-11 17:41:50 - CICFlowMeter received 1 pcap file
2025-05-11 17:42:02 - You select: captures\20250511_174151_converted.pcap
2025-05-11 17:42:02 - Out folder: csv_output
2025-05-11 17:42:03 - CICFlowMeter received 1 pcap file
2025-05-11 17:45:06 - You select: captures\20250511_174455_converted.pcap
2025-05-11 17:45:06 - Out folder: csv_output
2025-05-11 17:45:06 - CICFlowMeter received 1 pcap file
2025-05-11 17:45:18 - You select: captures\20250511_174507_converted.pcap
2025-05-11 17:45:18 - Out folder: csv_output
2025-05-11 17:45:18 - CICFlowMeter received 1 pcap file
2025-05-11 17:45:30 - You select: captures\20250511_174519_converted.pcap
2025-05-11 17:45:30 - Out folder: csv_output
2025-05-11 17:45:30 - CICFlowMeter received 1 pcap file
2025-05-11 17:45:41 - You select: captures\20250511_174531_converted.pcap
2025-05-11 17:45:41 - Out folder: csv_output
2025-05-11 17:45:42 - CICFlowMeter received 1 pcap file
2025-05-11 17:45:53 - You select: captures\20250511_174542_converted.pcap
2025-05-11 17:45:53 - Out folder: csv_output
2025-05-11 17:45:54 - CICFlowMeter received 1 pcap file
2025-05-11 17:46:05 - You select: captures\20250511_174554_converted.pcap
2025-05-11 17:46:05 - Out folder: csv_output
2025-05-11 17:46:05 - CICFlowMeter received 1 pcap file
2025-05-11 17:50:19 - You select: captures\20250511_175008_converted.pcap
2025-05-11 17:50:19 - Out folder: csv_output
2025-05-11 17:50:19 - CICFlowMeter received 1 pcap file
2025-05-11 17:50:31 - You select: captures\20250511_175020_converted.pcap
2025-05-11 17:50:31 - Out folder: csv_output
2025-05-11 17:50:31 - CICFlowMeter received 1 pcap file
2025-05-11 17:50:43 - You select: captures\20250511_175032_converted.pcap
2025-05-11 17:50:43 - Out folder: csv_output
2025-05-11 17:50:43 - CICFlowMeter received 1 pcap file
2025-05-11 17:50:55 - You select: captures\20250511_175044_converted.pcap
2025-05-11 17:50:55 - Out folder: csv_output
2025-05-11 17:50:55 - CICFlowMeter received 1 pcap file
2025-05-11 17:52:04 - You select: captures\20250511_175153_converted.pcap
2025-05-11 17:52:04 - Out folder: csv_output
2025-05-11 17:52:04 - CICFlowMeter received 1 pcap file
2025-05-11 17:52:15 - You select: captures\20250511_175205_converted.pcap
2025-05-11 17:52:15 - Out folder: csv_output
2025-05-11 17:52:16 - CICFlowMeter received 1 pcap file
2025-05-11 17:52:28 - You select: captures\20250511_175217_converted.pcap
2025-05-11 17:52:28 - Out folder: csv_output
2025-05-11 17:52:28 - CICFlowMeter received 1 pcap file
2025-05-11 17:52:39 - You select: captures\20250511_175228_converted.pcap
2025-05-11 17:52:39 - Out folder: csv_output
2025-05-11 17:52:40 - CICFlowMeter received 1 pcap file
2025-05-11 17:52:51 - You select: captures\20250511_175240_converted.pcap
2025-05-11 17:52:51 - Out folder: csv_output
2025-05-11 17:52:51 - CICFlowMeter received 1 pcap file
2025-05-11 17:53:03 - You select: captures\20250511_175252_converted.pcap
2025-05-11 17:53:03 - Out folder: csv_output
2025-05-11 17:53:03 - CICFlowMeter received 1 pcap file
