2021-09-27 14:32:31 - Pcap is listening...
2021-09-27 14:35:48 - Pcap stop listening
2021-09-27 14:35:48 - path:D:\cicflowmeter-4\CICFlowMeter-4.0\bin\data\daily\2021-09-27_Flow.csv
2021-09-27 14:42:50 - path:D:\cicflowmeter-4\CICFlowMeter-4.0\bin\data\daily\2021-09-27_Flow.csv
2021-09-27 14:49:50 - Pcap is listening...
2021-09-27 14:52:55 - Pcap stop listening
2021-09-27 14:52:55 - path:C:\Users\Network Lab\Desktop\J L Shreya\CICFlowMeter and ISCXFlowMeter\cicflowmeter-4\CICFlowMeter-4.0\bin\data\daily\2021-09-27_Flow.csv
2021-09-27 14:53:05 - Pcap is listening...
2021-09-27 14:54:31 - Pcap stop listening
2021-09-27 14:54:31 - path:C:\Users\Network Lab\Desktop\J L Shreya\CICFlowMeter and ISCXFlowMeter\cicflowmeter-4\CICFlowMeter-4.0\bin\data\daily\2021-09-27_Flow.csv
2021-09-27 14:54:49 - path:C:\Users\Network Lab\Desktop\J L Shreya\CICFlowMeter and ISCXFlowMeter\cicflowmeter-4\CICFlowMeter-4.0\bin\data\daily\2021-09-27_Flow.csv
2021-09-27 14:54:49 - path:C:\Users\Network Lab\Desktop\J L Shreya\CICFlowMeter and ISCXFlowMeter\cicflowmeter-4\CICFlowMeter-4.0\bin\data\daily\2021-09-27_Flow.csv
2021-09-27 14:56:26 - Pcap is listening...
2021-09-27 16:01:14 - Pcap stop listening
2021-09-27 16:01:14 - path:C:\Users\Network Lab\Desktop\J L Shreya\CICFlowMeter and ISCXFlowMeter\cicflowmeter-4\CICFlowMeter-4.0\bin\data\daily\2021-09-27_Flow.csv
2021-09-29 19:01:19 - Pcap is listening...
2021-09-29 19:04:20 - Pcap stop listening
2021-09-29 19:04:20 - path:C:\Users\Network Lab\Desktop\J L Shreya\CICFlowMeter and ISCXFlowMeter\cicflowmeter-4\CICFlowMeter-4.0\bin\data\daily\2021-09-29_Flow.csv
2021-09-29 19:07:47 - path:C:\Users\Network Lab\Desktop\J L Shreya\CICFlowMeter and ISCXFlowMeter\cicflowmeter-4\CICFlowMeter-4.0\bin\data\daily\2021-09-29_Flow.csv
2021-12-19 20:29:20 - Pcap is listening...
2021-12-19 20:34:17 - Pcap stop listening
2021-12-19 20:34:17 - path:F:\CICFlowMeter-4.0\bin\data\daily\2021-12-19_Flow.csv
2021-12-19 20:40:47 - Pcap is listening...
2021-12-19 20:41:21 - Pcap stop listening
2021-12-19 20:41:22 - path:F:\CICFlowMeter-4.0\bin\data\daily\2021-12-19_Flow.csv
2023-04-02 20:15:04 - Please select pcap!
2023-04-02 20:24:48 - Pcap is listening...
2023-04-02 20:26:08 - Pcap stop listening
2023-04-02 20:26:08 - path:C:\Users\TribeConnect\Downloads\cicflowmeter\bin\data\daily\2023-04-02_Flow.csv
2023-04-02 20:26:11 - Pcap is listening...
2023-04-02 20:27:19 - Pcap stop listening
2023-04-02 20:27:19 - path:C:\Users\TribeConnect\Downloads\cicflowmeter\bin\data\daily\2023-04-02_Flow.csv
2023-04-02 20:27:20 - Pcap is listening...
2023-04-02 20:27:22 - Pcap stop listening
2023-04-02 20:27:22 - path:C:\Users\TribeConnect\Downloads\cicflowmeter\bin\data\daily\2023-04-02_Flow.csv
2025-05-04 19:04:56 - You select: captures\20250504_190421.pcap
2025-05-04 19:04:56 - Out folder: csv_output
2025-05-04 19:04:57 - CICFlowMeter received 1 pcap file
2025-05-04 19:07:58 - You select: captures\20250504_190727.pcap
2025-05-04 19:07:58 - Out folder: csv_output
2025-05-04 19:07:59 - CICFlowMeter received 1 pcap file
2025-05-04 19:07:59 - Error while opening file for capture: bad dump file format
2025-05-04 19:24:20 - You select: captures\20250504_192349.pcap
2025-05-04 19:24:20 - Out folder: csv_output
2025-05-04 19:24:20 - CICFlowMeter received 1 pcap file
2025-05-04 19:24:20 - Error while opening file for capture: bad dump file format
2025-05-04 19:26:49 - You select: .\20250504_190421.pcap
2025-05-04 19:26:49 - Out folder: ./logs
2025-05-04 19:26:49 - CICFlowMeter received 1 pcap file
2025-05-04 19:26:50 - Error while opening file for capture: bad dump file format
2025-05-04 23:20:40 - You select: captures\20250504_232009.pcap
2025-05-04 23:20:40 - Out folder: csv_output
2025-05-04 23:20:40 - CICFlowMeter received 1 pcap file
2025-05-04 23:20:40 - Error while opening file for capture: bad dump file format
2025-05-04 23:26:04 - You select: captures\20250504_232534.pcap
2025-05-04 23:26:04 - Out folder: csv_output
2025-05-04 23:26:05 - CICFlowMeter received 1 pcap file
2025-05-04 23:26:05 - Error while opening file for capture: bad dump file format
2025-05-04 23:28:20 - You select: captures\20250504_232749.pcap
2025-05-04 23:28:20 - Out folder: csv_output
2025-05-04 23:28:20 - CICFlowMeter received 1 pcap file
2025-05-04 23:28:20 - Error while opening file for capture: bad dump file format
2025-05-04 23:32:32 - You select: captures\20250504_233202_converted.pcap
2025-05-04 23:32:32 - Out folder: csv_output
2025-05-04 23:32:33 - CICFlowMeter received 1 pcap file
2025-05-04 23:33:04 - You select: captures\20250504_233233_converted.pcap
2025-05-04 23:33:04 - Out folder: csv_output
2025-05-04 23:33:04 - CICFlowMeter received 1 pcap file
2025-05-04 23:39:05 - You select: captures\20250504_233835_converted.pcap
2025-05-04 23:39:05 - Out folder: csv_output
2025-05-04 23:39:06 - CICFlowMeter received 1 pcap file
2025-05-04 23:44:23 - You select: captures\20250504_234352_converted.pcap
2025-05-04 23:44:23 - Out folder: csv_output
2025-05-04 23:44:23 - CICFlowMeter received 1 pcap file
2025-05-04 23:46:58 - You select: captures\20250504_234647_converted.pcap
2025-05-04 23:46:58 - Out folder: csv_output
2025-05-04 23:46:58 - CICFlowMeter received 1 pcap file
2025-05-04 23:47:40 - You select: captures\20250504_234729_converted.pcap
2025-05-04 23:47:40 - Out folder: csv_output
2025-05-04 23:47:40 - CICFlowMeter received 1 pcap file
2025-05-04 23:48:05 - You select: captures\20250504_234754_converted.pcap
2025-05-04 23:48:05 - Out folder: csv_output
2025-05-04 23:48:05 - CICFlowMeter received 1 pcap file
2025-05-05 06:08:02 - You select: captures\20250505_060751_converted.pcap
2025-05-05 06:08:02 - Out folder: csv_output
2025-05-05 06:08:03 - CICFlowMeter received 1 pcap file
2025-05-05 06:18:09 - You select: captures\20250505_061752_converted.pcap
2025-05-05 06:18:09 - Out folder: csv_output
2025-05-05 06:18:09 - CICFlowMeter received 1 pcap file
2025-05-05 06:20:58 - You select: captures\20250505_062047_converted.pcap
2025-05-05 06:20:58 - Out folder: csv_output
2025-05-05 06:20:58 - CICFlowMeter received 1 pcap file
2025-05-05 06:21:09 - You select: captures\20250505_062058_converted.pcap
2025-05-05 06:21:09 - Out folder: csv_output
2025-05-05 06:21:10 - CICFlowMeter received 1 pcap file
2025-05-05 06:32:20 - You select: captures\20250505_063209_converted.pcap
2025-05-05 06:32:20 - Out folder: csv_output
2025-05-05 06:32:20 - CICFlowMeter received 1 pcap file
2025-05-05 06:42:02 - You select: captures\20250505_064151_converted.pcap
2025-05-05 06:42:02 - Out folder: csv_output
2025-05-05 06:42:02 - CICFlowMeter received 1 pcap file
2025-05-05 06:46:15 - You select: captures\20250505_064604_converted.pcap
2025-05-05 06:46:15 - Out folder: csv_output
2025-05-05 06:46:15 - CICFlowMeter received 1 pcap file
2025-05-05 06:47:35 - You select: captures\20250505_064724_converted.pcap
2025-05-05 06:47:35 - Out folder: csv_output
2025-05-05 06:47:35 - CICFlowMeter received 1 pcap file
2025-05-05 06:47:46 - You select: captures\20250505_064736_converted.pcap
2025-05-05 06:47:46 - Out folder: csv_output
2025-05-05 06:47:47 - CICFlowMeter received 1 pcap file
2025-05-05 06:52:11 - You select: captures\20250505_065200_converted.pcap
2025-05-05 06:52:11 - Out folder: csv_output
2025-05-05 06:52:12 - CICFlowMeter received 1 pcap file
2025-05-05 06:52:25 - You select: captures\20250505_065214_converted.pcap
2025-05-05 06:52:25 - Out folder: csv_output
2025-05-05 06:52:25 - CICFlowMeter received 1 pcap file
2025-05-05 06:52:36 - You select: captures\20250505_065225_converted.pcap
2025-05-05 06:52:36 - Out folder: csv_output
2025-05-05 06:52:37 - CICFlowMeter received 1 pcap file
2025-05-05 06:52:56 - You select: captures\20250505_065245_converted.pcap
2025-05-05 06:52:56 - Out folder: csv_output
2025-05-05 06:52:56 - CICFlowMeter received 1 pcap file
2025-05-05 06:53:31 - You select: captures\20250505_065320_converted.pcap
2025-05-05 06:53:31 - Out folder: csv_output
2025-05-05 06:53:31 - CICFlowMeter received 1 pcap file
2025-05-05 06:53:53 - You select: captures\20250505_065342_converted.pcap
2025-05-05 06:53:53 - Out folder: csv_output
2025-05-05 06:53:53 - CICFlowMeter received 1 pcap file
2025-05-05 06:54:05 - You select: captures\20250505_065354_converted.pcap
2025-05-05 06:54:05 - Out folder: csv_output
2025-05-05 06:54:05 - CICFlowMeter received 1 pcap file
2025-05-05 06:54:17 - You select: captures\20250505_065405_converted.pcap
2025-05-05 06:54:17 - Out folder: csv_output
2025-05-05 06:54:17 - CICFlowMeter received 1 pcap file
2025-05-05 06:54:28 - You select: captures\20250505_065418_converted.pcap
2025-05-05 06:54:28 - Out folder: csv_output
2025-05-05 06:54:29 - CICFlowMeter received 1 pcap file
2025-05-05 08:35:38 - You select: captures\20250505_083527_converted.pcap
2025-05-05 08:35:38 - Out folder: csv_output
2025-05-05 08:35:38 - CICFlowMeter received 1 pcap file
2025-05-05 08:37:35 - You select: captures\20250505_083725_converted.pcap
2025-05-05 08:37:35 - Out folder: csv_output
2025-05-05 08:37:36 - CICFlowMeter received 1 pcap file
2025-05-05 08:38:40 - You select: captures\20250505_083829_converted.pcap
2025-05-05 08:38:40 - Out folder: csv_output
2025-05-05 08:38:40 - CICFlowMeter received 1 pcap file
2025-05-05 08:39:23 - You select: captures\20250505_083912_converted.pcap
2025-05-05 08:39:23 - Out folder: csv_output
2025-05-05 08:39:23 - CICFlowMeter received 1 pcap file
2025-05-05 08:40:30 - You select: captures\20250505_084019_converted.pcap
2025-05-05 08:40:30 - Out folder: csv_output
2025-05-05 08:40:30 - CICFlowMeter received 1 pcap file
2025-05-05 08:41:19 - You select: captures\20250505_084108_converted.pcap
2025-05-05 08:41:19 - Out folder: csv_output
2025-05-05 08:41:19 - CICFlowMeter received 1 pcap file
2025-05-05 08:45:49 - You select: captures\20250505_084539_converted.pcap
2025-05-05 08:45:49 - Out folder: csv_output
2025-05-05 08:45:50 - CICFlowMeter received 1 pcap file
2025-05-05 09:09:40 - You select: captures\20250505_090930_converted.pcap
2025-05-05 09:09:40 - Out folder: csv_output
2025-05-05 09:09:41 - CICFlowMeter received 1 pcap file
2025-05-05 10:15:27 - You select: captures\20250505_101516_converted.pcap
2025-05-05 10:15:27 - Out folder: csv_output
2025-05-05 10:15:27 - CICFlowMeter received 1 pcap file
2025-05-05 10:18:13 - You select: captures\20250505_101802_converted.pcap
2025-05-05 10:18:13 - Out folder: csv_output
2025-05-05 10:18:13 - CICFlowMeter received 1 pcap file
2025-05-05 10:18:24 - You select: captures\20250505_101813_converted.pcap
2025-05-05 10:18:24 - Out folder: csv_output
2025-05-05 10:18:25 - CICFlowMeter received 1 pcap file
2025-05-05 10:18:36 - You select: captures\20250505_101825_converted.pcap
2025-05-05 10:18:36 - Out folder: csv_output
2025-05-05 10:18:36 - CICFlowMeter received 1 pcap file
2025-05-05 10:18:48 - You select: captures\20250505_101837_converted.pcap
2025-05-05 10:18:48 - Out folder: csv_output
2025-05-05 10:18:48 - CICFlowMeter received 1 pcap file
2025-05-05 10:18:59 - You select: captures\20250505_101848_converted.pcap
2025-05-05 10:18:59 - Out folder: csv_output
2025-05-05 10:18:59 - CICFlowMeter received 1 pcap file
2025-05-05 10:19:11 - You select: captures\20250505_101900_converted.pcap
2025-05-05 10:19:11 - Out folder: csv_output
2025-05-05 10:19:11 - CICFlowMeter received 1 pcap file
2025-05-05 10:19:23 - You select: captures\20250505_101912_converted.pcap
2025-05-05 10:19:23 - Out folder: csv_output
2025-05-05 10:19:23 - CICFlowMeter received 1 pcap file
2025-05-05 10:19:34 - You select: captures\20250505_101924_converted.pcap
2025-05-05 10:19:34 - Out folder: csv_output
2025-05-05 10:19:35 - CICFlowMeter received 1 pcap file
2025-05-05 10:22:44 - You select: captures\20250505_102233_converted.pcap
2025-05-05 10:22:44 - Out folder: csv_output
2025-05-05 10:22:44 - CICFlowMeter received 1 pcap file
2025-05-05 10:22:55 - You select: captures\20250505_102245_converted.pcap
2025-05-05 10:22:55 - Out folder: csv_output
2025-05-05 10:22:56 - CICFlowMeter received 1 pcap file
2025-05-05 10:23:07 - You select: captures\20250505_102256_converted.pcap
2025-05-05 10:23:07 - Out folder: csv_output
2025-05-05 10:23:07 - CICFlowMeter received 1 pcap file
2025-05-05 10:23:18 - You select: captures\20250505_102308_converted.pcap
2025-05-05 10:23:18 - Out folder: csv_output
2025-05-05 10:23:19 - CICFlowMeter received 1 pcap file
2025-05-05 10:23:30 - You select: captures\20250505_102319_converted.pcap
2025-05-05 10:23:30 - Out folder: csv_output
2025-05-05 10:23:30 - CICFlowMeter received 1 pcap file
2025-05-05 10:24:50 - You select: captures\20250505_102440_converted.pcap
2025-05-05 10:24:50 - Out folder: csv_output
2025-05-05 10:24:51 - CICFlowMeter received 1 pcap file
2025-05-05 10:25:03 - You select: captures\20250505_102451_converted.pcap
2025-05-05 10:25:03 - Out folder: csv_output
2025-05-05 10:25:03 - CICFlowMeter received 1 pcap file
2025-05-05 10:25:15 - You select: captures\20250505_102504_converted.pcap
2025-05-05 10:25:15 - Out folder: csv_output
2025-05-05 10:25:15 - CICFlowMeter received 1 pcap file
2025-05-05 10:25:27 - You select: captures\20250505_102516_converted.pcap
2025-05-05 10:25:27 - Out folder: csv_output
2025-05-05 10:25:27 - CICFlowMeter received 1 pcap file
2025-05-05 10:25:39 - You select: captures\20250505_102528_converted.pcap
2025-05-05 10:25:39 - Out folder: csv_output
2025-05-05 10:25:39 - CICFlowMeter received 1 pcap file
2025-05-05 10:25:50 - You select: captures\20250505_102539_converted.pcap
2025-05-05 10:25:50 - Out folder: csv_output
2025-05-05 10:25:50 - CICFlowMeter received 1 pcap file
2025-05-05 10:26:02 - You select: captures\20250505_102551_converted.pcap
2025-05-05 10:26:02 - Out folder: csv_output
2025-05-05 10:26:02 - CICFlowMeter received 1 pcap file
2025-05-05 10:26:13 - You select: captures\20250505_102603_converted.pcap
2025-05-05 10:26:13 - Out folder: csv_output
2025-05-05 10:26:14 - CICFlowMeter received 1 pcap file
2025-05-05 10:26:39 - You select: captures\20250505_102628_converted.pcap
2025-05-05 10:26:39 - Out folder: csv_output
2025-05-05 10:26:39 - CICFlowMeter received 1 pcap file
2025-05-05 17:07:32 - You select: captures\20250505_170715_converted.pcap
2025-05-05 17:07:32 - Out folder: csv_output
2025-05-05 17:07:32 - CICFlowMeter received 1 pcap file
2025-05-05 17:07:44 - You select: captures\20250505_170733_converted.pcap
2025-05-05 17:07:44 - Out folder: csv_output
2025-05-05 17:07:44 - CICFlowMeter received 1 pcap file
2025-05-05 17:07:55 - You select: captures\20250505_170745_converted.pcap
2025-05-05 17:07:55 - Out folder: csv_output
2025-05-05 17:07:56 - CICFlowMeter received 1 pcap file
2025-05-05 17:08:07 - You select: captures\20250505_170756_converted.pcap
2025-05-05 17:08:07 - Out folder: csv_output
2025-05-05 17:08:08 - CICFlowMeter received 1 pcap file
2025-05-05 17:08:19 - You select: captures\20250505_170808_converted.pcap
2025-05-05 17:08:19 - Out folder: csv_output
2025-05-05 17:08:20 - CICFlowMeter received 1 pcap file
2025-05-05 17:08:31 - You select: captures\20250505_170820_converted.pcap
2025-05-05 17:08:31 - Out folder: csv_output
2025-05-05 17:08:31 - CICFlowMeter received 1 pcap file
2025-05-05 17:08:43 - You select: captures\20250505_170832_converted.pcap
2025-05-05 17:08:43 - Out folder: csv_output
2025-05-05 17:08:43 - CICFlowMeter received 1 pcap file
2025-05-07 00:49:19 - You select: captures\20250507_004902_converted.pcap
2025-05-07 00:49:19 - Out folder: csv_output
2025-05-07 00:49:20 - CICFlowMeter received 1 pcap file
2025-05-07 00:49:31 - You select: captures\20250507_004920_converted.pcap
2025-05-07 00:49:31 - Out folder: csv_output
2025-05-07 00:49:32 - CICFlowMeter received 1 pcap file
2025-05-07 00:49:44 - You select: captures\20250507_004933_converted.pcap
2025-05-07 00:49:44 - Out folder: csv_output
2025-05-07 00:49:44 - CICFlowMeter received 1 pcap file
2025-05-07 00:49:57 - You select: captures\20250507_004946_converted.pcap
2025-05-07 00:49:57 - Out folder: csv_output
2025-05-07 00:49:57 - CICFlowMeter received 1 pcap file
2025-05-07 00:50:10 - You select: captures\20250507_004959_converted.pcap
2025-05-07 00:50:10 - Out folder: csv_output
2025-05-07 00:50:10 - CICFlowMeter received 1 pcap file
2025-05-07 00:50:22 - You select: captures\20250507_005011_converted.pcap
2025-05-07 00:50:22 - Out folder: csv_output
2025-05-07 00:50:22 - CICFlowMeter received 1 pcap file
2025-05-07 00:50:35 - You select: captures\20250507_005024_converted.pcap
2025-05-07 00:50:35 - Out folder: csv_output
2025-05-07 00:50:35 - CICFlowMeter received 1 pcap file
2025-05-07 00:50:48 - You select: captures\20250507_005037_converted.pcap
2025-05-07 00:50:48 - Out folder: csv_output
2025-05-07 00:50:48 - CICFlowMeter received 1 pcap file
2025-05-07 00:51:00 - You select: captures\20250507_005049_converted.pcap
2025-05-07 00:51:00 - Out folder: csv_output
2025-05-07 00:51:00 - CICFlowMeter received 1 pcap file
2025-05-10 15:37:25 - You select: captures\20250510_153707_converted.pcap
2025-05-10 15:37:25 - Out folder: csv_output
2025-05-10 15:37:25 - CICFlowMeter received 1 pcap file
2025-05-10 15:37:38 - You select: captures\20250510_153727_converted.pcap
2025-05-10 15:37:38 - Out folder: csv_output
2025-05-10 15:37:38 - CICFlowMeter received 1 pcap file
2025-05-10 15:38:14 - You select: captures\20250510_153803_converted.pcap
2025-05-10 15:38:14 - Out folder: csv_output
2025-05-10 15:38:14 - CICFlowMeter received 1 pcap file
2025-05-10 15:38:50 - You select: captures\20250510_153839_converted.pcap
2025-05-10 15:38:50 - Out folder: csv_output
2025-05-10 15:38:50 - CICFlowMeter received 1 pcap file
2025-05-10 15:39:52 - You select: captures\20250510_153935_converted.pcap
2025-05-10 15:39:52 - Out folder: csv_output
2025-05-10 15:39:53 - CICFlowMeter received 1 pcap file
2025-05-11 18:32:53 - You select: captures\20250511_183241_converted.pcap
2025-05-11 18:32:53 - Out folder: csv_output
2025-05-11 18:32:53 - CICFlowMeter received 1 pcap file
2025-05-11 18:33:13 - You select: captures\20250511_183302_converted.pcap
2025-05-11 18:33:13 - Out folder: csv_output
2025-05-11 18:33:13 - CICFlowMeter received 1 pcap file
2025-05-11 18:33:28 - You select: captures\20250511_183317_converted.pcap
2025-05-11 18:33:28 - Out folder: csv_output
2025-05-11 18:33:28 - CICFlowMeter received 1 pcap file
2025-05-11 18:33:44 - You select: captures\20250511_183333_converted.pcap
2025-05-11 18:33:44 - Out folder: csv_output
2025-05-11 18:33:44 - CICFlowMeter received 1 pcap file
2025-05-11 18:33:58 - You select: captures\20250511_183347_converted.pcap
2025-05-11 18:33:58 - Out folder: csv_output
2025-05-11 18:33:59 - CICFlowMeter received 1 pcap file
2025-05-11 18:34:15 - You select: captures\20250511_183404_converted.pcap
2025-05-11 18:34:15 - Out folder: csv_output
2025-05-11 18:34:15 - CICFlowMeter received 1 pcap file
2025-05-11 18:34:29 - You select: captures\20250511_183418_converted.pcap
2025-05-11 18:34:29 - Out folder: csv_output
2025-05-11 18:34:29 - CICFlowMeter received 1 pcap file
2025-05-11 18:34:42 - You select: captures\20250511_183432_converted.pcap
2025-05-11 18:34:42 - Out folder: csv_output
2025-05-11 18:34:43 - CICFlowMeter received 1 pcap file
2025-05-11 18:34:56 - You select: captures\20250511_183445_converted.pcap
2025-05-11 18:34:56 - Out folder: csv_output
2025-05-11 18:34:56 - CICFlowMeter received 1 pcap file
2025-05-11 18:35:09 - You select: captures\20250511_183458_converted.pcap
2025-05-11 18:35:09 - Out folder: csv_output
2025-05-11 18:35:10 - CICFlowMeter received 1 pcap file
2025-05-11 18:35:24 - You select: captures\20250511_183513_converted.pcap
2025-05-11 18:35:24 - Out folder: csv_output
2025-05-11 18:35:24 - CICFlowMeter received 1 pcap file
2025-05-11 18:35:39 - You select: captures\20250511_183528_converted.pcap
2025-05-11 18:35:39 - Out folder: csv_output
2025-05-11 18:35:39 - CICFlowMeter received 1 pcap file
2025-05-11 18:35:55 - You select: captures\20250511_183544_converted.pcap
2025-05-11 18:35:55 - Out folder: csv_output
2025-05-11 18:35:55 - CICFlowMeter received 1 pcap file
2025-05-11 18:36:11 - You select: captures\20250511_183600_converted.pcap
2025-05-11 18:36:11 - Out folder: csv_output
2025-05-11 18:36:11 - CICFlowMeter received 1 pcap file
2025-05-11 18:36:26 - You select: captures\20250511_183616_converted.pcap
2025-05-11 18:36:26 - Out folder: csv_output
2025-05-11 18:36:27 - CICFlowMeter received 1 pcap file
2025-05-11 18:36:42 - You select: captures\20250511_183631_converted.pcap
2025-05-11 18:36:42 - Out folder: csv_output
2025-05-11 18:36:42 - CICFlowMeter received 1 pcap file
2025-05-11 18:36:57 - You select: captures\20250511_183646_converted.pcap
2025-05-11 18:36:57 - Out folder: csv_output
2025-05-11 18:36:57 - CICFlowMeter received 1 pcap file
2025-05-11 18:37:10 - You select: captures\20250511_183659_converted.pcap
2025-05-11 18:37:10 - Out folder: csv_output
2025-05-11 18:37:10 - CICFlowMeter received 1 pcap file
2025-05-11 18:37:24 - You select: captures\20250511_183713_converted.pcap
2025-05-11 18:37:24 - Out folder: csv_output
2025-05-11 18:37:24 - CICFlowMeter received 1 pcap file
2025-05-11 18:37:37 - You select: captures\20250511_183726_converted.pcap
2025-05-11 18:37:37 - Out folder: csv_output
2025-05-11 18:37:37 - CICFlowMeter received 1 pcap file
2025-05-11 18:37:51 - You select: captures\20250511_183740_converted.pcap
2025-05-11 18:37:51 - Out folder: csv_output
2025-05-11 18:37:51 - CICFlowMeter received 1 pcap file
2025-05-11 18:38:04 - You select: captures\20250511_183753_converted.pcap
2025-05-11 18:38:04 - Out folder: csv_output
2025-05-11 18:38:05 - CICFlowMeter received 1 pcap file
2025-05-11 18:38:19 - You select: captures\20250511_183808_converted.pcap
2025-05-11 18:38:19 - Out folder: csv_output
2025-05-11 18:38:19 - CICFlowMeter received 1 pcap file
2025-05-11 18:38:32 - You select: captures\20250511_183821_converted.pcap
2025-05-11 18:38:32 - Out folder: csv_output
2025-05-11 18:38:33 - CICFlowMeter received 1 pcap file
2025-05-11 18:38:46 - You select: captures\20250511_183835_converted.pcap
2025-05-11 18:38:46 - Out folder: csv_output
2025-05-11 18:38:46 - CICFlowMeter received 1 pcap file
2025-05-11 18:38:59 - You select: captures\20250511_183848_converted.pcap
2025-05-11 18:38:59 - Out folder: csv_output
2025-05-11 18:39:00 - CICFlowMeter received 1 pcap file
2025-05-11 18:39:13 - You select: captures\20250511_183902_converted.pcap
2025-05-11 18:39:13 - Out folder: csv_output
2025-05-11 18:39:13 - CICFlowMeter received 1 pcap file
2025-05-11 18:39:27 - You select: captures\20250511_183916_converted.pcap
2025-05-11 18:39:27 - Out folder: csv_output
2025-05-11 18:39:27 - CICFlowMeter received 1 pcap file
2025-05-11 18:39:41 - You select: captures\20250511_183930_converted.pcap
2025-05-11 18:39:41 - Out folder: csv_output
2025-05-11 18:39:41 - CICFlowMeter received 1 pcap file
2025-05-11 18:39:54 - You select: captures\20250511_183943_converted.pcap
2025-05-11 18:39:54 - Out folder: csv_output
2025-05-11 18:39:55 - CICFlowMeter received 1 pcap file
2025-05-11 18:40:07 - You select: captures\20250511_183956_converted.pcap
2025-05-11 18:40:07 - Out folder: csv_output
2025-05-11 18:40:07 - CICFlowMeter received 1 pcap file
2025-05-11 18:40:21 - You select: captures\20250511_184010_converted.pcap
2025-05-11 18:40:21 - Out folder: csv_output
2025-05-11 18:40:22 - CICFlowMeter received 1 pcap file
2025-05-11 18:40:35 - You select: captures\20250511_184025_converted.pcap
2025-05-11 18:40:35 - Out folder: csv_output
2025-05-11 18:40:36 - CICFlowMeter received 1 pcap file
2025-05-11 18:40:50 - You select: captures\20250511_184039_converted.pcap
2025-05-11 18:40:50 - Out folder: csv_output
2025-05-11 18:40:50 - CICFlowMeter received 1 pcap file
2025-05-11 18:41:03 - You select: captures\20250511_184052_converted.pcap
2025-05-11 18:41:03 - Out folder: csv_output
2025-05-11 18:41:03 - CICFlowMeter received 1 pcap file
